# JRE version: OpenJDK Runtime Environment (8.0_171-b11) (build 1.8.0_171-8u171-b11-0ubuntu0.18.04.1-b11)
# Java VM: OpenJDK 64-Bit Server VM (25.171-b11 mixed mode linux-amd64 compressed oops)
Heap:
 PSYoungGen      total 332800K, used 109960K [0x00000000d6f80000, 0x00000000fad80000, 0x0000000100000000)
  eden space 215040K, 0% used [0x00000000d6f80000,0x00000000d6f80000,0x00000000e4180000)
  from space 117760K, 93% used [0x00000000e4180000,0x00000000eace21b0,0x00000000eb480000)
  to   space 157696K, 0% used [0x00000000f1380000,0x00000000f1380000,0x00000000fad80000)
 ParOldGen       total 240128K, used 239705K [0x0000000084e00000, 0x0000000093880000, 0x00000000d6f80000)
  object space 240128K, 99% used [0x0000000084e00000,0x0000000093816750,0x0000000093880000)
 Metaspace       used 3119K, capacity 4568K, committed 4864K, reserved 1056768K
  class space    used 324K, capacity 392K, committed 512K, reserved 1048576K
GC Heap History (10 events):
Event: 2,867 GC heap after
Heap after GC invocations=7 (full 2):
 PSYoungGen      total 132096K, used 0K [0x00000000d6f80000, 0x00000000e7a80000, 0x0000000100000000)
  eden space 126976K, 0% used [0x00000000d6f80000,0x00000000d6f80000,0x00000000deb80000)
  from space 5120K, 0% used [0x00000000deb80000,0x00000000deb80000,0x00000000df080000)
  to   space 48640K, 0% used [0x00000000e4b00000,0x00000000e4b00000,0x00000000e7a80000)
 ParOldGen       total 240128K, used 110796K [0x0000000084e00000, 0x0000000093880000, 0x00000000d6f80000)
  object space 240128K, 46% used [0x0000000084e00000,0x000000008ba333d8,0x0000000093880000)
 Metaspace       used 3119K, capacity 4568K, committed 4864K, reserved 1056768K
  class space    used 324K, capacity 392K, committed 512K, reserved 1048576K
}
Event: 3,172 GC heap before
{Heap before GC invocations=8 (full 2):
 PSYoungGen      total 132096K, used 126976K [0x00000000d6f80000, 0x00000000e7a80000, 0x0000000100000000)
  eden space 126976K, 100% used [0x00000000d6f80000,0x00000000deb80000,0x00000000deb80000)
  from space 5120K, 0% used [0x00000000deb80000,0x00000000deb80000,0x00000000df080000)
  to   space 48640K, 0% used [0x00000000e4b00000,0x00000000e4b00000,0x00000000e7a80000)
 ParOldGen       total 240128K, used 110796K [0x0000000084e00000, 0x0000000093880000, 0x00000000d6f80000)
  object space 240128K, 46% used [0x0000000084e00000,0x000000008ba333d8,0x0000000093880000)
 Metaspace       used 3119K, capacity 4568K, committed 4864K, reserved 1056768K
  class space    used 324K, capacity 392K, committed 512K, reserved 1048576K
Event: 3,813 GC heap after
Heap after GC invocations=8 (full 2):
 PSYoungGen      total 217088K, used 44800K [0x00000000d6f80000, 0x00000000e8480000, 0x0000000100000000)
  eden space 168448K, 0% used [0x00000000d6f80000,0x00000000d6f80000,0x00000000e1400000)
  from space 48640K, 92% used [0x00000000e4b00000,0x00000000e76c0000,0x00000000e7a80000)
  to   space 56320K, 0% used [0x00000000e1400000,0x00000000e1400000,0x00000000e4b00000)
 ParOldGen       total 240128K, used 110796K [0x0000000084e00000, 0x0000000093880000, 0x00000000d6f80000)
  object space 240128K, 46% used [0x0000000084e00000,0x000000008ba333d8,0x0000000093880000)
 Metaspace       used 3119K, capacity 4568K, committed 4864K, reserved 1056768K
  class space    used 324K, capacity 392K, committed 512K, reserved 1048576K
}
Event: 4,154 GC heap before
{Heap before GC invocations=9 (full 2):
 PSYoungGen      total 217088K, used 213248K [0x00000000d6f80000, 0x00000000e8480000, 0x0000000100000000)
  eden space 168448K, 100% used [0x00000000d6f80000,0x00000000e1400000,0x00000000e1400000)
  from space 48640K, 92% used [0x00000000e4b00000,0x00000000e76c0000,0x00000000e7a80000)
  to   space 56320K, 0% used [0x00000000e1400000,0x00000000e1400000,0x00000000e4b00000)
 ParOldGen       total 240128K, used 110796K [0x0000000084e00000, 0x0000000093880000, 0x00000000d6f80000)
  object space 240128K, 46% used [0x0000000084e00000,0x000000008ba333d8,0x0000000093880000)
 Metaspace       used 3119K, capacity 4568K, committed 4864K, reserved 1056768K
  class space    used 324K, capacity 392K, committed 512K, reserved 1048576K
Event: 5,194 GC heap after
Heap after GC invocations=9 (full 2):
 PSYoungGen      total 224768K, used 56313K [0x00000000d6f80000, 0x00000000f0c80000, 0x0000000100000000)
  eden space 168448K, 0% used [0x00000000d6f80000,0x00000000d6f80000,0x00000000e1400000)
  from space 56320K, 99% used [0x00000000e1400000,0x00000000e4afe520,0x00000000e4b00000)
  to   space 90112K, 0% used [0x00000000eb480000,0x00000000eb480000,0x00000000f0c80000)
 ParOldGen       total 240128K, used 158820K [0x0000000084e00000, 0x0000000093880000, 0x00000000d6f80000)
  object space 240128K, 66% used [0x0000000084e00000,0x000000008e9193d8,0x0000000093880000)
 Metaspace       used 3119K, capacity 4568K, committed 4864K, reserved 1056768K
  class space    used 324K, capacity 392K, committed 512K, reserved 1048576K
}
Event: 5,617 GC heap before
{Heap before GC invocations=10 (full 2):
 PSYoungGen      total 224768K, used 224761K [0x00000000d6f80000, 0x00000000f0c80000, 0x0000000100000000)
  eden space 168448K, 100% used [0x00000000d6f80000,0x00000000e1400000,0x00000000e1400000)
  from space 56320K, 99% used [0x00000000e1400000,0x00000000e4afe520,0x00000000e4b00000)
  to   space 90112K, 0% used [0x00000000eb480000,0x00000000eb480000,0x00000000f0c80000)
 ParOldGen       total 240128K, used 158820K [0x0000000084e00000, 0x0000000093880000, 0x00000000d6f80000)
  object space 240128K, 66% used [0x0000000084e00000,0x000000008e9193d8,0x0000000093880000)
 Metaspace       used 3119K, capacity 4568K, committed 4864K, reserved 1056768K
  class space    used 324K, capacity 392K, committed 512K, reserved 1048576K
Event: 6,238 GC heap after
Heap after GC invocations=10 (full 2):
 PSYoungGen      total 305152K, used 90101K [0x00000000d6f80000, 0x00000000f4700000, 0x0000000100000000)
  eden space 215040K, 0% used [0x00000000d6f80000,0x00000000d6f80000,0x00000000e4180000)
  from space 90112K, 99% used [0x00000000eb480000,0x00000000f0c7d7a0,0x00000000f0c80000)
  to   space 117760K, 0% used [0x00000000e4180000,0x00000000e4180000,0x00000000eb480000)
 ParOldGen       total 240128K, used 184476K [0x0000000084e00000, 0x0000000093880000, 0x00000000d6f80000)
  object space 240128K, 76% used [0x0000000084e00000,0x00000000902273d8,0x0000000093880000)
 Metaspace       used 3119K, capacity 4568K, committed 4864K, reserved 1056768K
  class space    used 324K, capacity 392K, committed 512K, reserved 1048576K
}
Event: 7,145 GC heap before
{Heap before GC invocations=11 (full 2):
 PSYoungGen      total 305152K, used 305141K [0x00000000d6f80000, 0x00000000f4700000, 0x0000000100000000)
  eden space 215040K, 100% used [0x00000000d6f80000,0x00000000e4180000,0x00000000e4180000)
  from space 90112K, 99% used [0x00000000eb480000,0x00000000f0c7d7a0,0x00000000f0c80000)
  to   space 117760K, 0% used [0x00000000e4180000,0x00000000e4180000,0x00000000eb480000)
 ParOldGen       total 240128K, used 184476K [0x0000000084e00000, 0x0000000093880000, 0x00000000d6f80000)
  object space 240128K, 76% used [0x0000000084e00000,0x00000000902273d8,0x0000000093880000)
 Metaspace       used 3119K, capacity 4568K, committed 4864K, reserved 1056768K
  class space    used 324K, capacity 392K, committed 512K, reserved 1048576K
Event: 7,469 GC heap after
Heap after GC invocations=11 (full 2):
 PSYoungGen      total 332800K, used 117749K [0x00000000d6f80000, 0x00000000fad80000, 0x0000000100000000)
  eden space 215040K, 0% used [0x00000000d6f80000,0x00000000d6f80000,0x00000000e4180000)
  from space 117760K, 99% used [0x00000000e4180000,0x00000000eb47d7a0,0x00000000eb480000)
  to   space 157696K, 0% used [0x00000000f1380000,0x00000000f1380000,0x00000000fad80000)
 ParOldGen       total 240128K, used 232692K [0x0000000084e00000, 0x0000000093880000, 0x00000000d6f80000)
  object space 240128K, 96% used [0x0000000084e00000,0x000000009313d3d8,0x0000000093880000)
 Metaspace       used 3119K, capacity 4568K, committed 4864K, reserved 1056768K
  class space    used 324K, capacity 392K, committed 512K, reserved 1048576K
}
Event: 7,474 GC heap before
{Heap before GC invocations=12 (full 3):
 PSYoungGen      total 332800K, used 117749K [0x00000000d6f80000, 0x00000000fad80000, 0x0000000100000000)
  eden space 215040K, 0% used [0x00000000d6f80000,0x00000000d6f80000,0x00000000e4180000)
  from space 117760K, 99% used [0x00000000e4180000,0x00000000eb47d7a0,0x00000000eb480000)
  to   space 157696K, 0% used [0x00000000f1380000,0x00000000f1380000,0x00000000fad80000)
 ParOldGen       total 240128K, used 232692K [0x0000000084e00000, 0x0000000093880000, 0x00000000d6f80000)
  object space 240128K, 96% used [0x0000000084e00000,0x000000009313d3d8,0x0000000093880000)
 Metaspace       used 3119K, capacity 4568K, committed 4864K, reserved 1056768K
  class space    used 324K, capacity 392K, committed 512K, reserved 1048576K

