# JRE version: OpenJDK Runtime Environment (8.0_171-b11) (build 1.8.0_171-8u171-b11-0ubuntu0.18.04.1-b11)
# Java VM: OpenJDK 64-Bit Server VM (25.171-b11 mixed mode linux-amd64 compressed oops)
Heap:
 PSYoungGen      total 339968K, used 143040K [0x00000000d6f80000, 0x00000000f8280000, 0x0000000100000000)
  eden space 189440K, 0% used [0x00000000d6f80000,0x00000000d6f80000,0x00000000e2880000)
  from space 150528K, 95% used [0x00000000eef80000,0x00000000f7b30368,0x00000000f8280000)
  to   space 114176K, 0% used [0x00000000e2880000,0x00000000e2880000,0x00000000e9800000)
 ParOldGen       total 418304K, used 258303K [0x0000000084e00000, 0x000000009e680000, 0x00000000d6f80000)
  object space 418304K, 61% used [0x0000000084e00000,0x0000000094a3ff30,0x000000009e680000)
 Metaspace       used 3116K, capacity 4568K, committed 4864K, reserved 1056768K
  class space    used 324K, capacity 392K, committed 512K, reserved 1048576K
GC Heap History (10 events):
Event: 3,639 GC heap after
Heap after GC invocations=8 (full 2):
 PSYoungGen      total 207360K, used 44800K [0x00000000d6f80000, 0x00000000e7800000, 0x0000000100000000)
  eden space 158720K, 0% used [0x00000000d6f80000,0x00000000d6f80000,0x00000000e0a80000)
  from space 48640K, 92% used [0x00000000e4100000,0x00000000e6cc0000,0x00000000e7080000)
  to   space 55808K, 0% used [0x00000000e0a80000,0x00000000e0a80000,0x00000000e4100000)
 ParOldGen       total 245760K, used 111126K [0x0000000084e00000, 0x0000000093e00000, 0x00000000d6f80000)
  object space 245760K, 45% used [0x0000000084e00000,0x000000008ba85820,0x0000000093e00000)
 Metaspace       used 3116K, capacity 4568K, committed 4864K, reserved 1056768K
  class space    used 324K, capacity 392K, committed 512K, reserved 1048576K
}
Event: 4,146 GC heap before
{Heap before GC invocations=9 (full 2):
 PSYoungGen      total 207360K, used 203520K [0x00000000d6f80000, 0x00000000e7800000, 0x0000000100000000)
  eden space 158720K, 100% used [0x00000000d6f80000,0x00000000e0a80000,0x00000000e0a80000)
  from space 48640K, 92% used [0x00000000e4100000,0x00000000e6cc0000,0x00000000e7080000)
  to   space 55808K, 0% used [0x00000000e0a80000,0x00000000e0a80000,0x00000000e4100000)
 ParOldGen       total 245760K, used 111126K [0x0000000084e00000, 0x0000000093e00000, 0x00000000d6f80000)
  object space 245760K, 45% used [0x0000000084e00000,0x000000008ba85820,0x0000000093e00000)
 Metaspace       used 3116K, capacity 4568K, committed 4864K, reserved 1056768K
  class space    used 324K, capacity 392K, committed 512K, reserved 1048576K
Event: 4,822 GC heap after
Heap after GC invocations=9 (full 2):
 PSYoungGen      total 214528K, used 55801K [0x00000000d6f80000, 0x00000000eee80000, 0x0000000100000000)
  eden space 158720K, 0% used [0x00000000d6f80000,0x00000000d6f80000,0x00000000e0a80000)
  from space 55808K, 99% used [0x00000000e0a80000,0x00000000e40fe520,0x00000000e4100000)
  to   space 88576K, 0% used [0x00000000e9800000,0x00000000e9800000,0x00000000eee80000)
 ParOldGen       total 245760K, used 156230K [0x0000000084e00000, 0x0000000093e00000, 0x00000000d6f80000)
  object space 245760K, 63% used [0x0000000084e00000,0x000000008e691820,0x0000000093e00000)
 Metaspace       used 3116K, capacity 4568K, committed 4864K, reserved 1056768K
  class space    used 324K, capacity 392K, committed 512K, reserved 1048576K
}
Event: 5,143 GC heap before
{Heap before GC invocations=10 (full 2):
 PSYoungGen      total 214528K, used 214521K [0x00000000d6f80000, 0x00000000eee80000, 0x0000000100000000)
  eden space 158720K, 100% used [0x00000000d6f80000,0x00000000e0a80000,0x00000000e0a80000)
  from space 55808K, 99% used [0x00000000e0a80000,0x00000000e40fe520,0x00000000e4100000)
  to   space 88576K, 0% used [0x00000000e9800000,0x00000000e9800000,0x00000000eee80000)
 ParOldGen       total 245760K, used 156230K [0x0000000084e00000, 0x0000000093e00000, 0x00000000d6f80000)
  object space 245760K, 63% used [0x0000000084e00000,0x000000008e691820,0x0000000093e00000)
 Metaspace       used 3116K, capacity 4568K, committed 4864K, reserved 1056768K
  class space    used 324K, capacity 392K, committed 512K, reserved 1048576K
Event: 6,203 GC heap after
Heap after GC invocations=10 (full 2):
 PSYoungGen      total 278016K, used 88565K [0x00000000d6f80000, 0x00000000f2f00000, 0x0000000100000000)
  eden space 189440K, 0% used [0x00000000d6f80000,0x00000000d6f80000,0x00000000e2880000)
  from space 88576K, 99% used [0x00000000e9800000,0x00000000eee7d7a0,0x00000000eee80000)
  to   space 114176K, 0% used [0x00000000e2880000,0x00000000e2880000,0x00000000e9800000)
 ParOldGen       total 245760K, used 179454K [0x0000000084e00000, 0x0000000093e00000, 0x00000000d6f80000)
  object space 245760K, 73% used [0x0000000084e00000,0x000000008fd3f820,0x0000000093e00000)
 Metaspace       used 3116K, capacity 4568K, committed 4864K, reserved 1056768K
  class space    used 324K, capacity 392K, committed 512K, reserved 1048576K
}
Event: 6,664 GC heap before
{Heap before GC invocations=11 (full 2):
 PSYoungGen      total 278016K, used 278005K [0x00000000d6f80000, 0x00000000f2f00000, 0x0000000100000000)
  eden space 189440K, 100% used [0x00000000d6f80000,0x00000000e2880000,0x00000000e2880000)
  from space 88576K, 99% used [0x00000000e9800000,0x00000000eee7d7a0,0x00000000eee80000)
  to   space 114176K, 0% used [0x00000000e2880000,0x00000000e2880000,0x00000000e9800000)
 ParOldGen       total 245760K, used 179454K [0x0000000084e00000, 0x0000000093e00000, 0x00000000d6f80000)
  object space 245760K, 73% used [0x0000000084e00000,0x000000008fd3f820,0x0000000093e00000)
 Metaspace       used 3116K, capacity 4568K, committed 4864K, reserved 1056768K
  class space    used 324K, capacity 392K, committed 512K, reserved 1048576K
Event: 7,248 GC heap after
Heap after GC invocations=11 (full 2):
 PSYoungGen      total 303616K, used 114165K [0x00000000d6f80000, 0x00000000f8280000, 0x0000000100000000)
  eden space 189440K, 0% used [0x00000000d6f80000,0x00000000d6f80000,0x00000000e2880000)
  from space 114176K, 99% used [0x00000000e2880000,0x00000000e97fd7a0,0x00000000e9800000)
  to   space 150528K, 0% used [0x00000000eef80000,0x00000000eef80000,0x00000000f8280000)
 ParOldGen       total 245760K, used 220702K [0x0000000084e00000, 0x0000000093e00000, 0x00000000d6f80000)
  object space 245760K, 89% used [0x0000000084e00000,0x0000000092587820,0x0000000093e00000)
 Metaspace       used 3116K, capacity 4568K, committed 4864K, reserved 1056768K
  class space    used 324K, capacity 392K, committed 512K, reserved 1048576K
}
Event: 7,309 GC heap before
{Heap before GC invocations=12 (full 3):
 PSYoungGen      total 303616K, used 114165K [0x00000000d6f80000, 0x00000000f8280000, 0x0000000100000000)
  eden space 189440K, 0% used [0x00000000d6f80000,0x00000000d6f80000,0x00000000e2880000)
  from space 114176K, 99% used [0x00000000e2880000,0x00000000e97fd7a0,0x00000000e9800000)
  to   space 150528K, 0% used [0x00000000eef80000,0x00000000eef80000,0x00000000f8280000)
 ParOldGen       total 245760K, used 220702K [0x0000000084e00000, 0x0000000093e00000, 0x00000000d6f80000)
  object space 245760K, 89% used [0x0000000084e00000,0x0000000092587820,0x0000000093e00000)
 Metaspace       used 3116K, capacity 4568K, committed 4864K, reserved 1056768K
  class space    used 324K, capacity 392K, committed 512K, reserved 1048576K
Event: 8,895 GC heap after
Heap after GC invocations=12 (full 3):
 PSYoungGen      total 303616K, used 88478K [0x00000000d6f80000, 0x00000000f8280000, 0x0000000100000000)
  eden space 189440K, 0% used [0x00000000d6f80000,0x00000000d6f80000,0x00000000e2880000)
  from space 114176K, 77% used [0x00000000e2880000,0x00000000e7ee78a8,0x00000000e9800000)
  to   space 150528K, 0% used [0x00000000eef80000,0x00000000eef80000,0x00000000f8280000)
 ParOldGen       total 418304K, used 245671K [0x0000000084e00000, 0x000000009e680000, 0x00000000d6f80000)
  object space 418304K, 58% used [0x0000000084e00000,0x0000000093de9f30,0x000000009e680000)
 Metaspace       used 3116K, capacity 4568K, committed 4864K, reserved 1056768K
  class space    used 324K, capacity 392K, committed 512K, reserved 1048576K
}
Event: 9,545 GC heap before
{Heap before GC invocations=13 (full 3):
 PSYoungGen      total 303616K, used 277918K [0x00000000d6f80000, 0x00000000f8280000, 0x0000000100000000)
  eden space 189440K, 100% used [0x00000000d6f80000,0x00000000e2880000,0x00000000e2880000)
  from space 114176K, 77% used [0x00000000e2880000,0x00000000e7ee78a8,0x00000000e9800000)
  to   space 150528K, 0% used [0x00000000eef80000,0x00000000eef80000,0x00000000f8280000)
 ParOldGen       total 418304K, used 245671K [0x0000000084e00000, 0x000000009e680000, 0x00000000d6f80000)
  object space 418304K, 58% used [0x0000000084e00000,0x0000000093de9f30,0x000000009e680000)
 Metaspace       used 3116K, capacity 4568K, committed 4864K, reserved 1056768K
  class space    used 324K, capacity 392K, committed 512K, reserved 1048576K

