# JRE version: OpenJDK Runtime Environment (8.0_171-b11) (build 1.8.0_171-8u171-b11-0ubuntu0.18.04.1-b11)
# Java VM: OpenJDK 64-Bit Server VM (25.171-b11 mixed mode linux-amd64 compressed oops)
Heap:
 PSYoungGen      total 401920K, used 77353K [0x00000000d6f80000, 0x0000000100000000, 0x0000000100000000)
  eden space 178176K, 0% used [0x00000000d6f80000,0x00000000d6f80000,0x00000000e1d80000)
  from space 223744K, 34% used [0x00000000e1d80000,0x00000000e690a6f8,0x00000000ef800000)
  to   space 223744K, 0% used [0x00000000f2580000,0x00000000f2580000,0x0000000100000000)
 ParOldGen       total 824832K, used 824514K [0x0000000084e00000, 0x00000000b7380000, 0x00000000d6f80000)
  object space 824832K, 99% used [0x0000000084e00000,0x00000000b7330a70,0x00000000b7380000)
 Metaspace       used 15138K, capacity 15408K, committed 15488K, reserved 1062912K
  class space    used 1806K, capacity 1916K, committed 1920K, reserved 1048576K
GC Heap History (10 events):
Event: 19,357 GC heap after
Heap after GC invocations=14 (full 4):
 PSYoungGen      total 354816K, used 158336K [0x00000000d6f80000, 0x00000000fb580000, 0x0000000100000000)
  eden space 139776K, 0% used [0x00000000d6f80000,0x00000000d6f80000,0x00000000df800000)
  from space 215040K, 73% used [0x00000000ed280000,0x00000000f6d20000,0x00000000fa480000)
  to   space 223744K, 0% used [0x00000000df800000,0x00000000df800000,0x00000000ed280000)
 ParOldGen       total 612864K, used 482713K [0x0000000084e00000, 0x00000000aa480000, 0x00000000d6f80000)
  object space 612864K, 78% used [0x0000000084e00000,0x00000000a2566700,0x00000000aa480000)
 Metaspace       used 15084K, capacity 15344K, committed 15488K, reserved 1062912K
  class space    used 1806K, capacity 1916K, committed 1920K, reserved 1048576K
}
Event: 21,674 GC heap before
{Heap before GC invocations=15 (full 4):
 PSYoungGen      total 354816K, used 298112K [0x00000000d6f80000, 0x00000000fb580000, 0x0000000100000000)
  eden space 139776K, 100% used [0x00000000d6f80000,0x00000000df800000,0x00000000df800000)
  from space 215040K, 73% used [0x00000000ed280000,0x00000000f6d20000,0x00000000fa480000)
  to   space 223744K, 0% used [0x00000000df800000,0x00000000df800000,0x00000000ed280000)
 ParOldGen       total 612864K, used 482713K [0x0000000084e00000, 0x00000000aa480000, 0x00000000d6f80000)
  object space 612864K, 78% used [0x0000000084e00000,0x00000000a2566700,0x00000000aa480000)
 Metaspace       used 15098K, capacity 15344K, committed 15488K, reserved 1062912K
  class space    used 1806K, capacity 1916K, committed 1920K, reserved 1048576K
Event: 21,953 GC heap after
Heap after GC invocations=15 (full 4):
 PSYoungGen      total 363520K, used 138473K [0x00000000d6f80000, 0x00000000fd480000, 0x0000000100000000)
  eden space 139776K, 0% used [0x00000000d6f80000,0x00000000d6f80000,0x00000000df800000)
  from space 223744K, 61% used [0x00000000df800000,0x00000000e7f3a4d0,0x00000000ed280000)
  to   space 223744K, 0% used [0x00000000efa00000,0x00000000efa00000,0x00000000fd480000)
 ParOldGen       total 642048K, used 641769K [0x0000000084e00000, 0x00000000ac100000, 0x00000000d6f80000)
  object space 642048K, 99% used [0x0000000084e00000,0x00000000ac0ba700,0x00000000ac100000)
 Metaspace       used 15098K, capacity 15344K, committed 15488K, reserved 1062912K
  class space    used 1806K, capacity 1916K, committed 1920K, reserved 1048576K
}
Event: 21,953 GC heap before
{Heap before GC invocations=16 (full 5):
 PSYoungGen      total 363520K, used 138473K [0x00000000d6f80000, 0x00000000fd480000, 0x0000000100000000)
  eden space 139776K, 0% used [0x00000000d6f80000,0x00000000d6f80000,0x00000000df800000)
  from space 223744K, 61% used [0x00000000df800000,0x00000000e7f3a4d0,0x00000000ed280000)
  to   space 223744K, 0% used [0x00000000efa00000,0x00000000efa00000,0x00000000fd480000)
 ParOldGen       total 642048K, used 641769K [0x0000000084e00000, 0x00000000ac100000, 0x00000000d6f80000)
  object space 642048K, 99% used [0x0000000084e00000,0x00000000ac0ba700,0x00000000ac100000)
 Metaspace       used 15098K, capacity 15344K, committed 15488K, reserved 1062912K
  class space    used 1806K, capacity 1916K, committed 1920K, reserved 1048576K
Event: 22,990 GC heap after
Heap after GC invocations=16 (full 5):
 PSYoungGen      total 363520K, used 0K [0x00000000d6f80000, 0x00000000fd480000, 0x0000000100000000)
  eden space 139776K, 0% used [0x00000000d6f80000,0x00000000d6f80000,0x00000000df800000)
  from space 223744K, 0% used [0x00000000df800000,0x00000000df800000,0x00000000ed280000)
  to   space 223744K, 0% used [0x00000000efa00000,0x00000000efa00000,0x00000000fd480000)
 ParOldGen       total 824832K, used 584661K [0x0000000084e00000, 0x00000000b7380000, 0x00000000d6f80000)
  object space 824832K, 70% used [0x0000000084e00000,0x00000000a88f55c8,0x00000000b7380000)
 Metaspace       used 15098K, capacity 15344K, committed 15488K, reserved 1062912K
  class space    used 1806K, capacity 1916K, committed 1920K, reserved 1048576K
}
Event: 23,133 GC heap before
{Heap before GC invocations=17 (full 5):
 PSYoungGen      total 363520K, used 139776K [0x00000000d6f80000, 0x00000000fd480000, 0x0000000100000000)
  eden space 139776K, 100% used [0x00000000d6f80000,0x00000000df800000,0x00000000df800000)
  from space 223744K, 0% used [0x00000000df800000,0x00000000df800000,0x00000000ed280000)
  to   space 223744K, 0% used [0x00000000efa00000,0x00000000efa00000,0x00000000fd480000)
 ParOldGen       total 824832K, used 584661K [0x0000000084e00000, 0x00000000b7380000, 0x00000000d6f80000)
  object space 824832K, 70% used [0x0000000084e00000,0x00000000a88f55c8,0x00000000b7380000)
 Metaspace       used 15136K, capacity 15408K, committed 15488K, reserved 1062912K
  class space    used 1806K, capacity 1916K, committed 1920K, reserved 1048576K
Event: 23,225 GC heap after
Heap after GC invocations=17 (full 5):
 PSYoungGen      total 399872K, used 139904K [0x00000000d6f80000, 0x00000000fd280000, 0x0000000100000000)
  eden space 178176K, 0% used [0x00000000d6f80000,0x00000000d6f80000,0x00000000e1d80000)
  from space 221696K, 63% used [0x00000000efa00000,0x00000000f82a0010,0x00000000fd280000)
  to   space 223744K, 0% used [0x00000000e1d80000,0x00000000e1d80000,0x00000000ef800000)
 ParOldGen       total 824832K, used 584661K [0x0000000084e00000, 0x00000000b7380000, 0x00000000d6f80000)
  object space 824832K, 70% used [0x0000000084e00000,0x00000000a88f55c8,0x00000000b7380000)
 Metaspace       used 15136K, capacity 15408K, committed 15488K, reserved 1062912K
  class space    used 1806K, capacity 1916K, committed 1920K, reserved 1048576K
}
Event: 23,450 GC heap before
{Heap before GC invocations=18 (full 5):
 PSYoungGen      total 399872K, used 318080K [0x00000000d6f80000, 0x00000000fd280000, 0x0000000100000000)
  eden space 178176K, 100% used [0x00000000d6f80000,0x00000000e1d80000,0x00000000e1d80000)
  from space 221696K, 63% used [0x00000000efa00000,0x00000000f82a0010,0x00000000fd280000)
  to   space 223744K, 0% used [0x00000000e1d80000,0x00000000e1d80000,0x00000000ef800000)
 ParOldGen       total 824832K, used 584661K [0x0000000084e00000, 0x00000000b7380000, 0x00000000d6f80000)
  object space 824832K, 70% used [0x0000000084e00000,0x00000000a88f55c8,0x00000000b7380000)
 Metaspace       used 15138K, capacity 15408K, committed 15488K, reserved 1062912K
  class space    used 1806K, capacity 1916K, committed 1920K, reserved 1048576K
Event: 23,627 GC heap after
Heap after GC invocations=18 (full 5):
 PSYoungGen      total 401920K, used 177888K [0x00000000d6f80000, 0x0000000100000000, 0x0000000100000000)
  eden space 178176K, 0% used [0x00000000d6f80000,0x00000000d6f80000,0x00000000e1d80000)
  from space 223744K, 79% used [0x00000000e1d80000,0x00000000ecb38000,0x00000000ef800000)
  to   space 223744K, 0% used [0x00000000f2580000,0x00000000f2580000,0x0000000100000000)
 ParOldGen       total 824832K, used 725005K [0x0000000084e00000, 0x00000000b7380000, 0x00000000d6f80000)
  object space 824832K, 87% used [0x0000000084e00000,0x00000000b12035d8,0x00000000b7380000)
 Metaspace       used 15138K, capacity 15408K, committed 15488K, reserved 1062912K
  class space    used 1806K, capacity 1916K, committed 1920K, reserved 1048576K
}
Event: 23,627 GC heap before
{Heap before GC invocations=19 (full 6):
 PSYoungGen      total 401920K, used 177888K [0x00000000d6f80000, 0x0000000100000000, 0x0000000100000000)
  eden space 178176K, 0% used [0x00000000d6f80000,0x00000000d6f80000,0x00000000e1d80000)
  from space 223744K, 79% used [0x00000000e1d80000,0x00000000ecb38000,0x00000000ef800000)
  to   space 223744K, 0% used [0x00000000f2580000,0x00000000f2580000,0x0000000100000000)
 ParOldGen       total 824832K, used 725005K [0x0000000084e00000, 0x00000000b7380000, 0x00000000d6f80000)
  object space 824832K, 87% used [0x0000000084e00000,0x00000000b12035d8,0x00000000b7380000)
 Metaspace       used 15138K, capacity 15408K, committed 15488K, reserved 1062912K
  class space    used 1806K, capacity 1916K, committed 1920K, reserved 1048576K

