# JRE version: OpenJDK Runtime Environment (8.0_171-b11) (build 1.8.0_171-8u171-b11-0ubuntu0.18.04.1-b11)
# Java VM: OpenJDK 64-Bit Server VM (25.171-b11 mixed mode linux-amd64 compressed oops)
Heap:
 PSYoungGen      total 415744K, used 178894K [0x00000000d6f80000, 0x00000000fe580000, 0x0000000100000000)
  eden space 192000K, 0% used [0x00000000d6f80000,0x00000000d6f80000,0x00000000e2b00000)
  from space 223744K, 79% used [0x00000000f0580000,0x00000000fb433820,0x00000000fe000000)
  to   space 223744K, 0% used [0x00000000e2b00000,0x00000000e2b00000,0x00000000f0580000)
 ParOldGen       total 813056K, used 812958K [0x0000000084e00000, 0x00000000b6800000, 0x00000000d6f80000)
  object space 813056K, 99% used [0x0000000084e00000,0x00000000b67e7940,0x00000000b6800000)
 Metaspace       used 15221K, capacity 15472K, committed 15744K, reserved 1062912K
  class space    used 1804K, capacity 1916K, committed 1920K, reserved 1048576K
GC Heap History (10 events):
Event: 17,608 GC heap after
Heap after GC invocations=15 (full 4):
 PSYoungGen      total 351232K, used 126665K [0x00000000d6f80000, 0x00000000fbd80000, 0x0000000100000000)
  eden space 127488K, 0% used [0x00000000d6f80000,0x00000000d6f80000,0x00000000dec00000)
  from space 223744K, 56% used [0x00000000dec00000,0x00000000e67b24d0,0x00000000ec680000)
  to   space 223744K, 0% used [0x00000000ee300000,0x00000000ee300000,0x00000000fbd80000)
 ParOldGen       total 636416K, used 636344K [0x0000000084e00000, 0x00000000abb80000, 0x00000000d6f80000)
  object space 636416K, 99% used [0x0000000084e00000,0x00000000abb6e0f8,0x00000000abb80000)
 Metaspace       used 15200K, capacity 15472K, committed 15744K, reserved 1062912K
  class space    used 1804K, capacity 1916K, committed 1920K, reserved 1048576K
}
Event: 17,608 GC heap before
{Heap before GC invocations=16 (full 5):
 PSYoungGen      total 351232K, used 126665K [0x00000000d6f80000, 0x00000000fbd80000, 0x0000000100000000)
  eden space 127488K, 0% used [0x00000000d6f80000,0x00000000d6f80000,0x00000000dec00000)
  from space 223744K, 56% used [0x00000000dec00000,0x00000000e67b24d0,0x00000000ec680000)
  to   space 223744K, 0% used [0x00000000ee300000,0x00000000ee300000,0x00000000fbd80000)
 ParOldGen       total 636416K, used 636344K [0x0000000084e00000, 0x00000000abb80000, 0x00000000d6f80000)
  object space 636416K, 99% used [0x0000000084e00000,0x00000000abb6e0f8,0x00000000abb80000)
 Metaspace       used 15200K, capacity 15472K, committed 15744K, reserved 1062912K
  class space    used 1804K, capacity 1916K, committed 1920K, reserved 1048576K
Event: 18,585 GC heap after
Heap after GC invocations=16 (full 5):
 PSYoungGen      total 351232K, used 0K [0x00000000d6f80000, 0x00000000fbd80000, 0x0000000100000000)
  eden space 127488K, 0% used [0x00000000d6f80000,0x00000000d6f80000,0x00000000dec00000)
  from space 223744K, 0% used [0x00000000dec00000,0x00000000dec00000,0x00000000ec680000)
  to   space 223744K, 0% used [0x00000000ee300000,0x00000000ee300000,0x00000000fbd80000)
 ParOldGen       total 813056K, used 567558K [0x0000000084e00000, 0x00000000b6800000, 0x00000000d6f80000)
  object space 813056K, 69% used [0x0000000084e00000,0x00000000a7841938,0x00000000b6800000)
 Metaspace       used 15200K, capacity 15472K, committed 15744K, reserved 1062912K
  class space    used 1804K, capacity 1916K, committed 1920K, reserved 1048576K
}
Event: 18,702 GC heap before
{Heap before GC invocations=17 (full 5):
 PSYoungGen      total 351232K, used 116715K [0x00000000d6f80000, 0x00000000fbd80000, 0x0000000100000000)
  eden space 127488K, 91% used [0x00000000d6f80000,0x00000000de17afd0,0x00000000dec00000)
  from space 223744K, 0% used [0x00000000dec00000,0x00000000dec00000,0x00000000ec680000)
  to   space 223744K, 0% used [0x00000000ee300000,0x00000000ee300000,0x00000000fbd80000)
 ParOldGen       total 813056K, used 567558K [0x0000000084e00000, 0x00000000b6800000, 0x00000000d6f80000)
  object space 813056K, 69% used [0x0000000084e00000,0x00000000a7841938,0x00000000b6800000)
 Metaspace       used 15216K, capacity 15472K, committed 15744K, reserved 1062912K
  class space    used 1804K, capacity 1916K, committed 1920K, reserved 1048576K
Event: 18,795 GC heap after
Heap after GC invocations=17 (full 5):
 PSYoungGen      total 365056K, used 115488K [0x00000000d6f80000, 0x00000000fb080000, 0x0000000100000000)
  eden space 154624K, 0% used [0x00000000d6f80000,0x00000000d6f80000,0x00000000e0680000)
  from space 210432K, 54% used [0x00000000ee300000,0x00000000f53c8000,0x00000000fb080000)
  to   space 218112K, 0% used [0x00000000e0680000,0x00000000e0680000,0x00000000edb80000)
 ParOldGen       total 813056K, used 567566K [0x0000000084e00000, 0x00000000b6800000, 0x00000000d6f80000)
  object space 813056K, 69% used [0x0000000084e00000,0x00000000a7843938,0x00000000b6800000)
 Metaspace       used 15216K, capacity 15472K, committed 15744K, reserved 1062912K
  class space    used 1804K, capacity 1916K, committed 1920K, reserved 1048576K
}
Event: 18,964 GC heap before
{Heap before GC invocations=18 (full 5):
 PSYoungGen      total 365056K, used 270112K [0x00000000d6f80000, 0x00000000fb080000, 0x0000000100000000)
  eden space 154624K, 100% used [0x00000000d6f80000,0x00000000e0680000,0x00000000e0680000)
  from space 210432K, 54% used [0x00000000ee300000,0x00000000f53c8000,0x00000000fb080000)
  to   space 218112K, 0% used [0x00000000e0680000,0x00000000e0680000,0x00000000edb80000)
 ParOldGen       total 813056K, used 567566K [0x0000000084e00000, 0x00000000b6800000, 0x00000000d6f80000)
  object space 813056K, 69% used [0x0000000084e00000,0x00000000a7843938,0x00000000b6800000)
 Metaspace       used 15217K, capacity 15472K, committed 15744K, reserved 1062912K
  class space    used 1804K, capacity 1916K, committed 1920K, reserved 1048576K
Event: 19,111 GC heap after
Heap after GC invocations=18 (full 5):
 PSYoungGen      total 372736K, used 218080K [0x00000000d6f80000, 0x00000000fe000000, 0x0000000100000000)
  eden space 154624K, 0% used [0x00000000d6f80000,0x00000000d6f80000,0x00000000e0680000)
  from space 218112K, 99% used [0x00000000e0680000,0x00000000edb78020,0x00000000edb80000)
  to   space 223744K, 0% used [0x00000000f0580000,0x00000000f0580000,0x00000000fe000000)
 ParOldGen       total 813056K, used 636334K [0x0000000084e00000, 0x00000000b6800000, 0x00000000d6f80000)
  object space 813056K, 78% used [0x0000000084e00000,0x00000000abb6b938,0x00000000b6800000)
 Metaspace       used 15217K, capacity 15472K, committed 15744K, reserved 1062912K
  class space    used 1804K, capacity 1916K, committed 1920K, reserved 1048576K
}
Event: 19,327 GC heap before
{Heap before GC invocations=19 (full 5):
 PSYoungGen      total 372736K, used 372704K [0x00000000d6f80000, 0x00000000fe000000, 0x0000000100000000)
  eden space 154624K, 100% used [0x00000000d6f80000,0x00000000e0680000,0x00000000e0680000)
  from space 218112K, 99% used [0x00000000e0680000,0x00000000edb78020,0x00000000edb80000)
  to   space 223744K, 0% used [0x00000000f0580000,0x00000000f0580000,0x00000000fe000000)
 ParOldGen       total 813056K, used 636334K [0x0000000084e00000, 0x00000000b6800000, 0x00000000d6f80000)
  object space 813056K, 78% used [0x0000000084e00000,0x00000000abb6b938,0x00000000b6800000)
 Metaspace       used 15221K, capacity 15472K, committed 15744K, reserved 1062912K
  class space    used 1804K, capacity 1916K, committed 1920K, reserved 1048576K
Event: 19,638 GC heap after
Heap after GC invocations=19 (full 5):
 PSYoungGen      total 415744K, used 223712K [0x00000000d6f80000, 0x00000000fe580000, 0x0000000100000000)
  eden space 192000K, 0% used [0x00000000d6f80000,0x00000000d6f80000,0x00000000e2b00000)
  from space 223744K, 99% used [0x00000000f0580000,0x00000000fdff8010,0x00000000fe000000)
  to   space 223744K, 0% used [0x00000000e2b00000,0x00000000e2b00000,0x00000000f0580000)
 ParOldGen       total 813056K, used 769638K [0x0000000084e00000, 0x00000000b6800000, 0x00000000d6f80000)
  object space 813056K, 94% used [0x0000000084e00000,0x00000000b3d99938,0x00000000b6800000)
 Metaspace       used 15221K, capacity 15472K, committed 15744K, reserved 1062912K
  class space    used 1804K, capacity 1916K, committed 1920K, reserved 1048576K
}
Event: 19,638 GC heap before
{Heap before GC invocations=20 (full 6):
 PSYoungGen      total 415744K, used 223712K [0x00000000d6f80000, 0x00000000fe580000, 0x0000000100000000)
  eden space 192000K, 0% used [0x00000000d6f80000,0x00000000d6f80000,0x00000000e2b00000)
  from space 223744K, 99% used [0x00000000f0580000,0x00000000fdff8010,0x00000000fe000000)
  to   space 223744K, 0% used [0x00000000e2b00000,0x00000000e2b00000,0x00000000f0580000)
 ParOldGen       total 813056K, used 769638K [0x0000000084e00000, 0x00000000b6800000, 0x00000000d6f80000)
  object space 813056K, 94% used [0x0000000084e00000,0x00000000b3d99938,0x00000000b6800000)
 Metaspace       used 15221K, capacity 15472K, committed 15744K, reserved 1062912K
  class space    used 1804K, capacity 1916K, committed 1920K, reserved 1048576K

