# JRE version: OpenJDK Runtime Environment (8.0_171-b11) (build 1.8.0_171-8u171-b11-0ubuntu0.18.04.1-b11)
# Java VM: OpenJDK 64-Bit Server VM (25.171-b11 mixed mode linux-amd64 compressed oops)
Heap:
 PSYoungGen      total 436736K, used 205507K [0x00000000d6f80000, 0x00000000ffe00000, 0x0000000100000000)
  eden space 212992K, 0% used [0x00000000d6f80000,0x00000000d6f80000,0x00000000e3f80000)
  from space 223744K, 91% used [0x00000000f1a00000,0x00000000fe2b0cd8,0x00000000ff480000)
  to   space 223744K, 0% used [0x00000000e3f80000,0x00000000e3f80000,0x00000000f1a00000)
 ParOldGen       total 852480K, used 852469K [0x0000000084e00000, 0x00000000b8e80000, 0x00000000d6f80000)
  object space 852480K, 99% used [0x0000000084e00000,0x00000000b8e7d4b8,0x00000000b8e80000)
 Metaspace       used 15909K, capacity 16184K, committed 16256K, reserved 1062912K
  class space    used 1831K, capacity 1916K, committed 1920K, reserved 1048576K
GC Heap History (10 events):
Event: 44,886 GC heap after
Heap after GC invocations=15 (full 4):
 PSYoungGen      total 364544K, used 223721K [0x00000000d6f80000, 0x00000000fce00000, 0x0000000100000000)
  eden space 140800K, 0% used [0x00000000d6f80000,0x00000000d6f80000,0x00000000df900000)
  from space 223744K, 99% used [0x00000000df900000,0x00000000ed37a4d0,0x00000000ed380000)
  to   space 223744K, 0% used [0x00000000ef380000,0x00000000ef380000,0x00000000fce00000)
 ParOldGen       total 600576K, used 547059K [0x0000000084e00000, 0x00000000a9880000, 0x00000000d6f80000)
  object space 600576K, 91% used [0x0000000084e00000,0x00000000a643cf80,0x00000000a9880000)
 Metaspace       used 15907K, capacity 16120K, committed 16256K, reserved 1062912K
  class space    used 1831K, capacity 1916K, committed 1920K, reserved 1048576K
}
Event: 44,886 GC heap before
{Heap before GC invocations=16 (full 5):
 PSYoungGen      total 364544K, used 223721K [0x00000000d6f80000, 0x00000000fce00000, 0x0000000100000000)
  eden space 140800K, 0% used [0x00000000d6f80000,0x00000000d6f80000,0x00000000df900000)
  from space 223744K, 99% used [0x00000000df900000,0x00000000ed37a4d0,0x00000000ed380000)
  to   space 223744K, 0% used [0x00000000ef380000,0x00000000ef380000,0x00000000fce00000)
 ParOldGen       total 600576K, used 547059K [0x0000000084e00000, 0x00000000a9880000, 0x00000000d6f80000)
  object space 600576K, 91% used [0x0000000084e00000,0x00000000a643cf80,0x00000000a9880000)
 Metaspace       used 15907K, capacity 16120K, committed 16256K, reserved 1062912K
  class space    used 1831K, capacity 1916K, committed 1920K, reserved 1048576K
Event: 46,132 GC heap after
Heap after GC invocations=16 (full 5):
 PSYoungGen      total 364544K, used 0K [0x00000000d6f80000, 0x00000000fce00000, 0x0000000100000000)
  eden space 140800K, 0% used [0x00000000d6f80000,0x00000000d6f80000,0x00000000df900000)
  from space 223744K, 0% used [0x00000000df900000,0x00000000df900000,0x00000000ed380000)
  to   space 223744K, 0% used [0x00000000ef380000,0x00000000ef380000,0x00000000fce00000)
 ParOldGen       total 809984K, used 575667K [0x0000000084e00000, 0x00000000b6500000, 0x00000000d6f80000)
  object space 809984K, 71% used [0x0000000084e00000,0x00000000a802cf60,0x00000000b6500000)
 Metaspace       used 15907K, capacity 16120K, committed 16256K, reserved 1062912K
  class space    used 1831K, capacity 1916K, committed 1920K, reserved 1048576K
}
Event: 46,280 GC heap before
{Heap before GC invocations=17 (full 5):
 PSYoungGen      total 364544K, used 140800K [0x00000000d6f80000, 0x00000000fce00000, 0x0000000100000000)
  eden space 140800K, 100% used [0x00000000d6f80000,0x00000000df900000,0x00000000df900000)
  from space 223744K, 0% used [0x00000000df900000,0x00000000df900000,0x00000000ed380000)
  to   space 223744K, 0% used [0x00000000ef380000,0x00000000ef380000,0x00000000fce00000)
 ParOldGen       total 809984K, used 575667K [0x0000000084e00000, 0x00000000b6500000, 0x00000000d6f80000)
  object space 809984K, 71% used [0x0000000084e00000,0x00000000a802cf60,0x00000000b6500000)
 Metaspace       used 15909K, capacity 16184K, committed 16256K, reserved 1062912K
  class space    used 1831K, capacity 1916K, committed 1920K, reserved 1048576K
Event: 46,373 GC heap after
Heap after GC invocations=17 (full 5):
 PSYoungGen      total 392192K, used 140768K [0x00000000d6f80000, 0x00000000fcb80000, 0x0000000100000000)
  eden space 171008K, 0% used [0x00000000d6f80000,0x00000000d6f80000,0x00000000e1680000)
  from space 221184K, 63% used [0x00000000ef380000,0x00000000f7cf8010,0x00000000fcb80000)
  to   space 223744K, 0% used [0x00000000e1680000,0x00000000e1680000,0x00000000ef100000)
 ParOldGen       total 809984K, used 575667K [0x0000000084e00000, 0x00000000b6500000, 0x00000000d6f80000)
  object space 809984K, 71% used [0x0000000084e00000,0x00000000a802cf60,0x00000000b6500000)
 Metaspace       used 15909K, capacity 16184K, committed 16256K, reserved 1062912K
  class space    used 1831K, capacity 1916K, committed 1920K, reserved 1048576K
}
Event: 46,603 GC heap before
{Heap before GC invocations=18 (full 5):
 PSYoungGen      total 392192K, used 311776K [0x00000000d6f80000, 0x00000000fcb80000, 0x0000000100000000)
  eden space 171008K, 100% used [0x00000000d6f80000,0x00000000e1680000,0x00000000e1680000)
  from space 221184K, 63% used [0x00000000ef380000,0x00000000f7cf8010,0x00000000fcb80000)
  to   space 223744K, 0% used [0x00000000e1680000,0x00000000e1680000,0x00000000ef100000)
 ParOldGen       total 809984K, used 575667K [0x0000000084e00000, 0x00000000b6500000, 0x00000000d6f80000)
  object space 809984K, 71% used [0x0000000084e00000,0x00000000a802cf60,0x00000000b6500000)
 Metaspace       used 15909K, capacity 16184K, committed 16256K, reserved 1062912K
  class space    used 1831K, capacity 1916K, committed 1920K, reserved 1048576K
Event: 46,814 GC heap after
Heap after GC invocations=18 (full 5):
 PSYoungGen      total 394752K, used 223712K [0x00000000d6f80000, 0x00000000ff480000, 0x0000000100000000)
  eden space 171008K, 0% used [0x00000000d6f80000,0x00000000d6f80000,0x00000000e1680000)
  from space 223744K, 99% used [0x00000000e1680000,0x00000000ef0f8010,0x00000000ef100000)
  to   space 223744K, 0% used [0x00000000f1a00000,0x00000000f1a00000,0x00000000ff480000)
 ParOldGen       total 809984K, used 664307K [0x0000000084e00000, 0x00000000b6500000, 0x00000000d6f80000)
  object space 809984K, 82% used [0x0000000084e00000,0x00000000ad6bcf60,0x00000000b6500000)
 Metaspace       used 15909K, capacity 16184K, committed 16256K, reserved 1062912K
  class space    used 1831K, capacity 1916K, committed 1920K, reserved 1048576K
}
Event: 47,096 GC heap before
{Heap before GC invocations=19 (full 5):
 PSYoungGen      total 394752K, used 394720K [0x00000000d6f80000, 0x00000000ff480000, 0x0000000100000000)
  eden space 171008K, 100% used [0x00000000d6f80000,0x00000000e1680000,0x00000000e1680000)
  from space 223744K, 99% used [0x00000000e1680000,0x00000000ef0f8010,0x00000000ef100000)
  to   space 223744K, 0% used [0x00000000f1a00000,0x00000000f1a00000,0x00000000ff480000)
 ParOldGen       total 809984K, used 664307K [0x0000000084e00000, 0x00000000b6500000, 0x00000000d6f80000)
  object space 809984K, 82% used [0x0000000084e00000,0x00000000ad6bcf60,0x00000000b6500000)
 Metaspace       used 15909K, capacity 16184K, committed 16256K, reserved 1062912K
  class space    used 1831K, capacity 1916K, committed 1920K, reserved 1048576K
Event: 48,542 GC heap after
Heap after GC invocations=19 (full 5):
 PSYoungGen      total 436736K, used 223744K [0x00000000d6f80000, 0x00000000ffe00000, 0x0000000100000000)
  eden space 212992K, 0% used [0x00000000d6f80000,0x00000000d6f80000,0x00000000e3f80000)
  from space 223744K, 100% used [0x00000000f1a00000,0x00000000ff480000,0x00000000ff480000)
  to   space 223744K, 0% used [0x00000000e3f80000,0x00000000e3f80000,0x00000000f1a00000)
 ParOldGen       total 852480K, used 852395K [0x0000000084e00000, 0x00000000b8e80000, 0x00000000d6f80000)
  object space 852480K, 99% used [0x0000000084e00000,0x00000000b8e6af80,0x00000000b8e80000)
 Metaspace       used 15909K, capacity 16184K, committed 16256K, reserved 1062912K
  class space    used 1831K, capacity 1916K, committed 1920K, reserved 1048576K
}
Event: 48,546 GC heap before
{Heap before GC invocations=20 (full 6):
 PSYoungGen      total 436736K, used 223744K [0x00000000d6f80000, 0x00000000ffe00000, 0x0000000100000000)
  eden space 212992K, 0% used [0x00000000d6f80000,0x00000000d6f80000,0x00000000e3f80000)
  from space 223744K, 100% used [0x00000000f1a00000,0x00000000ff480000,0x00000000ff480000)
  to   space 223744K, 0% used [0x00000000e3f80000,0x00000000e3f80000,0x00000000f1a00000)
 ParOldGen       total 852480K, used 852395K [0x0000000084e00000, 0x00000000b8e80000, 0x00000000d6f80000)
  object space 852480K, 99% used [0x0000000084e00000,0x00000000b8e6af80,0x00000000b8e80000)
 Metaspace       used 15909K, capacity 16184K, committed 16256K, reserved 1062912K
  class space    used 1831K, capacity 1916K, committed 1920K, reserved 1048576K

